<?xml version="1.0" encoding="UTF-8"?>
<testsuite name="study.StringTest" tests="5" skipped="0" failures="0" errors="0" timestamp="2025-03-31T10:48:52" hostname="gohyeong-in-ui-MacBookAir.local" time="0.011">
  <properties/>
  <testcase name="substring_메서드로_특정_구간_값을_반환()" classname="study.StringTest" time="0.001"/>
  <testcase name="charAt_메서드_사용시_문자열의_길이보다_큰_숫자_위치의_문자를_찾을_때_예외_발생()" classname="study.StringTest" time="0.001"/>
  <testcase name="charAt_메서드로_특정_위치의_문자_찾기()" classname="study.StringTest" time="0.001"/>
  <testcase name="split_메서드_사용시_구분자가_포함되지_않은_경우_값을_그대로_반환()" classname="study.StringTest" time="0.003"/>
  <testcase name="split_메서드로_주어진_값을_구분()" classname="study.StringTest" time="0.002"/>
  <system-out><![CDATA[]]></system-out>
  <system-err><![CDATA[]]></system-err>
</testsuite>
